2026-02-20 14:01:19 [[31merror[39m]: RequestError: Invalid column name 'expires_at'.
    at handleError (C:\Users\Developer\app\speedonet-backend\node_modules\mssql\lib\tedious\request.js:384:15)
    at Connection.emit (node:events:508:28)
    at Connection.emit (C:\Users\Developer\app\speedonet-backend\node_modules\tedious\lib\connection.js:970:18)
    at RequestTokenHandler.onErrorMessage (C:\Users\Developer\app\speedonet-backend\node_modules\tedious\lib\token\handler.js:284:21)
    at Readable.<anonymous> (C:\Users\Developer\app\speedonet-backend\node_modules\tedious\lib\token\token-stream-parser.js:19:33)
    at Readable.emit (node:events:508:28)
    at addChunk (node:internal/streams/readable:559:12)
    at readableAddChunkPushObjectMode (node:internal/streams/readable:536:3)
    at Readable.push (node:internal/streams/readable:391:5)
    at nextAsync (node:internal/streams/from:194:22)
2026-02-20 14:01:21 [[31merror[39m]: RequestError: Invalid column name 'expires_at'.
    at handleError (C:\Users\Developer\app\speedonet-backend\node_modules\mssql\lib\tedious\request.js:384:15)
    at Connection.emit (node:events:508:28)
    at Connection.emit (C:\Users\Developer\app\speedonet-backend\node_modules\tedious\lib\connection.js:970:18)
    at RequestTokenHandler.onErrorMessage (C:\Users\Developer\app\speedonet-backend\node_modules\tedious\lib\token\handler.js:284:21)
    at Readable.<anonymous> (C:\Users\Developer\app\speedonet-backend\node_modules\tedious\lib\token\token-stream-parser.js:19:33)
    at Readable.emit (node:events:508:28)
    at addChunk (node:internal/streams/readable:559:12)
    at readableAddChunkPushObjectMode (node:internal/streams/readable:536:3)
    at Readable.push (node:internal/streams/readable:391:5)
    at nextAsync (node:internal/streams/from:194:22)
2026-02-20 14:01:21 [[31merror[39m]: RequestError: Invalid column name 'expires_at'.
    at handleError (C:\Users\Developer\app\speedonet-backend\node_modules\mssql\lib\tedious\request.js:384:15)
    at Connection.emit (node:events:508:28)
    at Connection.emit (C:\Users\Developer\app\speedonet-backend\node_modules\tedious\lib\connection.js:970:18)
    at RequestTokenHandler.onErrorMessage (C:\Users\Developer\app\speedonet-backend\node_modules\tedious\lib\token\handler.js:284:21)
    at Readable.<anonymous> (C:\Users\Developer\app\speedonet-backend\node_modules\tedious\lib\token\token-stream-parser.js:19:33)
    at Readable.emit (node:events:508:28)
    at addChunk (node:internal/streams/readable:559:12)
    at readableAddChunkPushObjectMode (node:internal/streams/readable:536:3)
    at Readable.push (node:internal/streams/readable:391:5)
    at nextAsync (node:internal/streams/from:194:22)
2026-02-20 14:04:07 [[31merror[39m]: RequestError: Invalid column name 'activated_at'.
    at handleError (C:\Users\Developer\app\speedonet-backend\node_modules\mssql\lib\tedious\request.js:384:15)
    at Connection.emit (node:events:508:28)
    at Connection.emit (C:\Users\Developer\app\speedonet-backend\node_modules\tedious\lib\connection.js:970:18)
    at RequestTokenHandler.onErrorMessage (C:\Users\Developer\app\speedonet-backend\node_modules\tedious\lib\token\handler.js:284:21)
    at Readable.<anonymous> (C:\Users\Developer\app\speedonet-backend\node_modules\tedious\lib\token\token-stream-parser.js:19:33)
    at Readable.emit (node:events:508:28)
    at addChunk (node:internal/streams/readable:559:12)
    at readableAddChunkPushObjectMode (node:internal/streams/readable:536:3)
    at Readable.push (node:internal/streams/readable:391:5)
    at nextAsync (node:internal/streams/from:194:22)
2026-02-20 14:04:08 [[31merror[39m]: RequestError: Invalid column name 'activated_at'.
    at handleError (C:\Users\Developer\app\speedonet-backend\node_modules\mssql\lib\tedious\request.js:384:15)
    at Connection.emit (node:events:508:28)
    at Connection.emit (C:\Users\Developer\app\speedonet-backend\node_modules\tedious\lib\connection.js:970:18)
    at RequestTokenHandler.onErrorMessage (C:\Users\Developer\app\speedonet-backend\node_modules\tedious\lib\token\handler.js:284:21)
    at Readable.<anonymous> (C:\Users\Developer\app\speedonet-backend\node_modules\tedious\lib\token\token-stream-parser.js:19:33)
    at Readable.emit (node:events:508:28)
    at addChunk (node:internal/streams/readable:559:12)
    at readableAddChunkPushObjectMode (node:internal/streams/readable:536:3)
    at Readable.push (node:internal/streams/readable:391:5)
    at nextAsync (node:internal/streams/from:194:22)
2026-02-20 14:39:57 [[31merror[39m]: RequestError: The INSERT statement conflicted with the CHECK constraint "CK_order_type". The conflict occurred in database "broadbanddb", table "dbo.payment_orders", column 'type'.
    at handleError (C:\Users\Developer\app\speedonet-backend\node_modules\mssql\lib\tedious\request.js:384:15)
    at Connection.emit (node:events:508:28)
    at Connection.emit (C:\Users\Developer\app\speedonet-backend\node_modules\tedious\lib\connection.js:970:18)
    at RequestTokenHandler.onErrorMessage (C:\Users\Developer\app\speedonet-backend\node_modules\tedious\lib\token\handler.js:284:21)
    at Readable.<anonymous> (C:\Users\Developer\app\speedonet-backend\node_modules\tedious\lib\token\token-stream-parser.js:19:33)
    at Readable.emit (node:events:508:28)
    at addChunk (node:internal/streams/readable:559:12)
    at readableAddChunkPushObjectMode (node:internal/streams/readable:536:3)
    at Readable.push (node:internal/streams/readable:391:5)
    at nextAsync (node:internal/streams/from:194:22)
2026-02-20 14:43:00 [[31merror[39m]: RequestError: The INSERT statement conflicted with the CHECK constraint "CK_order_status". The conflict occurred in database "broadbanddb", table "dbo.payment_orders", column 'payment_status'.
    at handleError (C:\Users\Developer\app\speedonet-backend\node_modules\mssql\lib\tedious\request.js:384:15)
    at Connection.emit (node:events:508:28)
    at Connection.emit (C:\Users\Developer\app\speedonet-backend\node_modules\tedious\lib\connection.js:970:18)
    at RequestTokenHandler.onErrorMessage (C:\Users\Developer\app\speedonet-backend\node_modules\tedious\lib\token\handler.js:284:21)
    at Readable.<anonymous> (C:\Users\Developer\app\speedonet-backend\node_modules\tedious\lib\token\token-stream-parser.js:19:33)
    at Readable.emit (node:events:508:28)
    at addChunk (node:internal/streams/readable:559:12)
    at readableAddChunkPushObjectMode (node:internal/streams/readable:536:3)
    at Readable.push (node:internal/streams/readable:391:5)
    at nextAsync (node:internal/streams/from:194:22)
2026-02-20 14:53:48 [[31merror[39m]: RequestError: Invalid column name 'description'.
    at handleError (C:\Users\Developer\app\speedonet-backend\node_modules\mssql\lib\tedious\request.js:384:15)
    at Connection.emit (node:events:508:28)
    at Connection.emit (C:\Users\Developer\app\speedonet-backend\node_modules\tedious\lib\connection.js:970:18)
    at RequestTokenHandler.onErrorMessage (C:\Users\Developer\app\speedonet-backend\node_modules\tedious\lib\token\handler.js:284:21)
    at Readable.<anonymous> (C:\Users\Developer\app\speedonet-backend\node_modules\tedious\lib\token\token-stream-parser.js:19:33)
    at Readable.emit (node:events:508:28)
    at addChunk (node:internal/streams/readable:559:12)
    at readableAddChunkPushObjectMode (node:internal/streams/readable:536:3)
    at Readable.push (node:internal/streams/readable:391:5)
    at nextAsync (node:internal/streams/from:194:22)
2026-02-20 14:53:48 [[31merror[39m]: RequestError: Invalid column name 'data_limit_gb'.
    at handleError (C:\Users\Developer\app\speedonet-backend\node_modules\mssql\lib\tedious\request.js:384:15)
    at Connection.emit (node:events:508:28)
    at Connection.emit (C:\Users\Developer\app\speedonet-backend\node_modules\tedious\lib\connection.js:970:18)
    at RequestTokenHandler.onErrorMessage (C:\Users\Developer\app\speedonet-backend\node_modules\tedious\lib\token\handler.js:284:21)
    at Readable.<anonymous> (C:\Users\Developer\app\speedonet-backend\node_modules\tedious\lib\token\token-stream-parser.js:19:33)
    at Readable.emit (node:events:508:28)
    at addChunk (node:internal/streams/readable:559:12)
    at readableAddChunkPushObjectMode (node:internal/streams/readable:536:3)
    at Readable.push (node:internal/streams/readable:391:5)
    at nextAsync (node:internal/streams/from:194:22)
2026-02-20 14:53:49 [[31merror[39m]: RequestError: Invalid column name 'description'.
    at handleError (C:\Users\Developer\app\speedonet-backend\node_modules\mssql\lib\tedious\request.js:384:15)
    at Connection.emit (node:events:508:28)
    at Connection.emit (C:\Users\Developer\app\speedonet-backend\node_modules\tedious\lib\connection.js:970:18)
    at RequestTokenHandler.onErrorMessage (C:\Users\Developer\app\speedonet-backend\node_modules\tedious\lib\token\handler.js:284:21)
    at Readable.<anonymous> (C:\Users\Developer\app\speedonet-backend\node_modules\tedious\lib\token\token-stream-parser.js:19:33)
    at Readable.emit (node:events:508:28)
    at addChunk (node:internal/streams/readable:559:12)
    at readableAddChunkPushObjectMode (node:internal/streams/readable:536:3)
    at Readable.push (node:internal/streams/readable:391:5)
    at nextAsync (node:internal/streams/from:194:22)
2026-02-20 14:53:49 [[31merror[39m]: RequestError: Invalid column name 'data_limit_gb'.
    at handleError (C:\Users\Developer\app\speedonet-backend\node_modules\mssql\lib\tedious\request.js:384:15)
    at Connection.emit (node:events:508:28)
    at Connection.emit (C:\Users\Developer\app\speedonet-backend\node_modules\tedious\lib\connection.js:970:18)
    at RequestTokenHandler.onErrorMessage (C:\Users\Developer\app\speedonet-backend\node_modules\tedious\lib\token\handler.js:284:21)
    at Readable.<anonymous> (C:\Users\Developer\app\speedonet-backend\node_modules\tedious\lib\token\token-stream-parser.js:19:33)
    at Readable.emit (node:events:508:28)
    at addChunk (node:internal/streams/readable:559:12)
    at readableAddChunkPushObjectMode (node:internal/streams/readable:536:3)
    at Readable.push (node:internal/streams/readable:391:5)
    at nextAsync (node:internal/streams/from:194:22)
2026-02-20 14:58:45 [[31merror[39m]: RequestError: Invalid column name 'description'.
    at handleError (C:\Users\Developer\app\speedonet-backend\node_modules\mssql\lib\tedious\request.js:384:15)
    at Connection.emit (node:events:508:28)
    at Connection.emit (C:\Users\Developer\app\speedonet-backend\node_modules\tedious\lib\connection.js:970:18)
    at RequestTokenHandler.onErrorMessage (C:\Users\Developer\app\speedonet-backend\node_modules\tedious\lib\token\handler.js:284:21)
    at Readable.<anonymous> (C:\Users\Developer\app\speedonet-backend\node_modules\tedious\lib\token\token-stream-parser.js:19:33)
    at Readable.emit (node:events:508:28)
    at addChunk (node:internal/streams/readable:559:12)
    at readableAddChunkPushObjectMode (node:internal/streams/readable:536:3)
    at Readable.push (node:internal/streams/readable:391:5)
    at nextAsync (node:internal/streams/from:194:22)
2026-02-20 14:58:45 [[31merror[39m]: RequestError: Invalid column name 'data_limit_gb'.
    at handleError (C:\Users\Developer\app\speedonet-backend\node_modules\mssql\lib\tedious\request.js:384:15)
    at Connection.emit (node:events:508:28)
    at Connection.emit (C:\Users\Developer\app\speedonet-backend\node_modules\tedious\lib\connection.js:970:18)
    at RequestTokenHandler.onErrorMessage (C:\Users\Developer\app\speedonet-backend\node_modules\tedious\lib\token\handler.js:284:21)
    at Readable.<anonymous> (C:\Users\Developer\app\speedonet-backend\node_modules\tedious\lib\token\token-stream-parser.js:19:33)
    at Readable.emit (node:events:508:28)
    at addChunk (node:internal/streams/readable:559:12)
    at readableAddChunkPushObjectMode (node:internal/streams/readable:536:3)
    at Readable.push (node:internal/streams/readable:391:5)
    at nextAsync (node:internal/streams/from:194:22)
2026-02-20 14:59:01 [[31merror[39m]: RequestError: Invalid column name 'description'.
    at handleError (C:\Users\Developer\app\speedonet-backend\node_modules\mssql\lib\tedious\request.js:384:15)
    at Connection.emit (node:events:508:28)
    at Connection.emit (C:\Users\Developer\app\speedonet-backend\node_modules\tedious\lib\connection.js:970:18)
    at RequestTokenHandler.onErrorMessage (C:\Users\Developer\app\speedonet-backend\node_modules\tedious\lib\token\handler.js:284:21)
    at Readable.<anonymous> (C:\Users\Developer\app\speedonet-backend\node_modules\tedious\lib\token\token-stream-parser.js:19:33)
    at Readable.emit (node:events:508:28)
    at addChunk (node:internal/streams/readable:559:12)
    at readableAddChunkPushObjectMode (node:internal/streams/readable:536:3)
    at Readable.push (node:internal/streams/readable:391:5)
    at nextAsync (node:internal/streams/from:194:22)
2026-02-20 14:59:01 [[31merror[39m]: RequestError: Invalid column name 'data_limit_gb'.
    at handleError (C:\Users\Developer\app\speedonet-backend\node_modules\mssql\lib\tedious\request.js:384:15)
    at Connection.emit (node:events:508:28)
    at Connection.emit (C:\Users\Developer\app\speedonet-backend\node_modules\tedious\lib\connection.js:970:18)
    at RequestTokenHandler.onErrorMessage (C:\Users\Developer\app\speedonet-backend\node_modules\tedious\lib\token\handler.js:284:21)
    at Readable.<anonymous> (C:\Users\Developer\app\speedonet-backend\node_modules\tedious\lib\token\token-stream-parser.js:19:33)
    at Readable.emit (node:events:508:28)
    at addChunk (node:internal/streams/readable:559:12)
    at readableAddChunkPushObjectMode (node:internal/streams/readable:536:3)
    at Readable.push (node:internal/streams/readable:391:5)
    at nextAsync (node:internal/streams/from:194:22)
2026-02-20 14:59:06 [[31merror[39m]: RequestError: Invalid column name 'description'.
    at handleError (C:\Users\Developer\app\speedonet-backend\node_modules\mssql\lib\tedious\request.js:384:15)
    at Connection.emit (node:events:508:28)
    at Connection.emit (C:\Users\Developer\app\speedonet-backend\node_modules\tedious\lib\connection.js:970:18)
    at RequestTokenHandler.onErrorMessage (C:\Users\Developer\app\speedonet-backend\node_modules\tedious\lib\token\handler.js:284:21)
    at Readable.<anonymous> (C:\Users\Developer\app\speedonet-backend\node_modules\tedious\lib\token\token-stream-parser.js:19:33)
    at Readable.emit (node:events:508:28)
    at addChunk (node:internal/streams/readable:559:12)
    at readableAddChunkPushObjectMode (node:internal/streams/readable:536:3)
    at Readable.push (node:internal/streams/readable:391:5)
    at nextAsync (node:internal/streams/from:194:22)
2026-02-20 14:59:06 [[31merror[39m]: RequestError: Invalid column name 'data_limit_gb'.
    at handleError (C:\Users\Developer\app\speedonet-backend\node_modules\mssql\lib\tedious\request.js:384:15)
    at Connection.emit (node:events:508:28)
    at Connection.emit (C:\Users\Developer\app\speedonet-backend\node_modules\tedious\lib\connection.js:970:18)
    at RequestTokenHandler.onErrorMessage (C:\Users\Developer\app\speedonet-backend\node_modules\tedious\lib\token\handler.js:284:21)
    at Readable.<anonymous> (C:\Users\Developer\app\speedonet-backend\node_modules\tedious\lib\token\token-stream-parser.js:19:33)
    at Readable.emit (node:events:508:28)
    at addChunk (node:internal/streams/readable:559:12)
    at readableAddChunkPushObjectMode (node:internal/streams/readable:536:3)
    at Readable.push (node:internal/streams/readable:391:5)
    at nextAsync (node:internal/streams/from:194:22)
2026-02-20 14:59:19 [[31merror[39m]: RequestError: Invalid column name 'description'.
    at handleError (C:\Users\Developer\app\speedonet-backend\node_modules\mssql\lib\tedious\request.js:384:15)
    at Connection.emit (node:events:508:28)
    at Connection.emit (C:\Users\Developer\app\speedonet-backend\node_modules\tedious\lib\connection.js:970:18)
    at RequestTokenHandler.onErrorMessage (C:\Users\Developer\app\speedonet-backend\node_modules\tedious\lib\token\handler.js:284:21)
    at Readable.<anonymous> (C:\Users\Developer\app\speedonet-backend\node_modules\tedious\lib\token\token-stream-parser.js:19:33)
    at Readable.emit (node:events:508:28)
    at addChunk (node:internal/streams/readable:559:12)
    at readableAddChunkPushObjectMode (node:internal/streams/readable:536:3)
    at Readable.push (node:internal/streams/readable:391:5)
    at nextAsync (node:internal/streams/from:194:22)
2026-02-20 14:59:29 [[31merror[39m]: RequestError: Invalid column name 'description'.
    at handleError (C:\Users\Developer\app\speedonet-backend\node_modules\mssql\lib\tedious\request.js:384:15)
    at Connection.emit (node:events:508:28)
    at Connection.emit (C:\Users\Developer\app\speedonet-backend\node_modules\tedious\lib\connection.js:970:18)
    at RequestTokenHandler.onErrorMessage (C:\Users\Developer\app\speedonet-backend\node_modules\tedious\lib\token\handler.js:284:21)
    at Readable.<anonymous> (C:\Users\Developer\app\speedonet-backend\node_modules\tedious\lib\token\token-stream-parser.js:19:33)
    at Readable.emit (node:events:508:28)
    at addChunk (node:internal/streams/readable:559:12)
    at readableAddChunkPushObjectMode (node:internal/streams/readable:536:3)
    at Readable.push (node:internal/streams/readable:391:5)
    at nextAsync (node:internal/streams/from:194:22)
2026-02-20 14:59:29 [[31merror[39m]: RequestError: Invalid column name 'data_limit_gb'.
    at handleError (C:\Users\Developer\app\speedonet-backend\node_modules\mssql\lib\tedious\request.js:384:15)
    at Connection.emit (node:events:508:28)
    at Connection.emit (C:\Users\Developer\app\speedonet-backend\node_modules\tedious\lib\connection.js:970:18)
    at RequestTokenHandler.onErrorMessage (C:\Users\Developer\app\speedonet-backend\node_modules\tedious\lib\token\handler.js:284:21)
    at Readable.<anonymous> (C:\Users\Developer\app\speedonet-backend\node_modules\tedious\lib\token\token-stream-parser.js:19:33)
    at Readable.emit (node:events:508:28)
    at addChunk (node:internal/streams/readable:559:12)
    at readableAddChunkPushObjectMode (node:internal/streams/readable:536:3)
    at Readable.push (node:internal/streams/readable:391:5)
    at nextAsync (node:internal/streams/from:194:22)
2026-02-20 14:59:29 [[31merror[39m]: RequestError: Invalid column name 'data_limit_gb'.
    at handleError (C:\Users\Developer\app\speedonet-backend\node_modules\mssql\lib\tedious\request.js:384:15)
    at Connection.emit (node:events:508:28)
    at Connection.emit (C:\Users\Developer\app\speedonet-backend\node_modules\tedious\lib\connection.js:970:18)
    at RequestTokenHandler.onErrorMessage (C:\Users\Developer\app\speedonet-backend\node_modules\tedious\lib\token\handler.js:284:21)
    at Readable.<anonymous> (C:\Users\Developer\app\speedonet-backend\node_modules\tedious\lib\token\token-stream-parser.js:19:33)
    at Readable.emit (node:events:508:28)
    at addChunk (node:internal/streams/readable:559:12)
    at readableAddChunkPushObjectMode (node:internal/streams/readable:536:3)
    at Readable.push (node:internal/streams/readable:391:5)
    at nextAsync (node:internal/streams/from:194:22)
2026-02-20 14:59:34 [[31merror[39m]: RequestError: Invalid column name 'description'.
    at handleError (C:\Users\Developer\app\speedonet-backend\node_modules\mssql\lib\tedious\request.js:384:15)
    at Connection.emit (node:events:508:28)
    at Connection.emit (C:\Users\Developer\app\speedonet-backend\node_modules\tedious\lib\connection.js:970:18)
    at RequestTokenHandler.onErrorMessage (C:\Users\Developer\app\speedonet-backend\node_modules\tedious\lib\token\handler.js:284:21)
    at Readable.<anonymous> (C:\Users\Developer\app\speedonet-backend\node_modules\tedious\lib\token\token-stream-parser.js:19:33)
    at Readable.emit (node:events:508:28)
    at addChunk (node:internal/streams/readable:559:12)
    at readableAddChunkPushObjectMode (node:internal/streams/readable:536:3)
    at Readable.push (node:internal/streams/readable:391:5)
    at nextAsync (node:internal/streams/from:194:22)
2026-02-20 14:59:34 [[31merror[39m]: RequestError: Invalid column name 'data_limit_gb'.
    at handleError (C:\Users\Developer\app\speedonet-backend\node_modules\mssql\lib\tedious\request.js:384:15)
    at Connection.emit (node:events:508:28)
    at Connection.emit (C:\Users\Developer\app\speedonet-backend\node_modules\tedious\lib\connection.js:970:18)
    at RequestTokenHandler.onErrorMessage (C:\Users\Developer\app\speedonet-backend\node_modules\tedious\lib\token\handler.js:284:21)
    at Readable.<anonymous> (C:\Users\Developer\app\speedonet-backend\node_modules\tedious\lib\token\token-stream-parser.js:19:33)
    at Readable.emit (node:events:508:28)
    at addChunk (node:internal/streams/readable:559:12)
    at readableAddChunkPushObjectMode (node:internal/streams/readable:536:3)
    at Readable.push (node:internal/streams/readable:391:5)
    at nextAsync (node:internal/streams/from:194:22)
